[1125/114909.160:ERROR:directory_reader_win.cc(43)] FindFirstFile: The system cannot find the path specified. (0x3)
[1125/115206.162:ERROR:process_memory_win.cc(73)] ReadMemory at 0x7ff76d830000 of 64 bytes failed: Only part of a ReadProcessMemory or WriteProcessMemory request was completed. (0x12B)
[1125/115206.163:WARNING:pe_image_reader.cc(340)] could not read dos header from C:\Program Files (x86)\Google\Chrome\Application\chrome.exe
[1125/115206.163:ERROR:process_memory_win.cc(73)] ReadMemory at 0x7fff8f2e0000 of 64 bytes failed: Only part of a ReadProcessMemory or WriteProcessMemory request was completed. (0x12B)
[1125/115206.163:WARNING:pe_image_reader.cc(340)] could not read dos header from C:\WINDOWS\SYSTEM32\ntdll.dll
[1125/115206.221:ERROR:process_memory_win.cc(73)] ReadMemory at 0x7fff8d9d0000 of 64 bytes failed: Only part of a ReadProcessMemory or WriteProcessMemory request was completed. (0x12B)
[1125/115206.221:WARNING:pe_image_reader.cc(340)] could not read dos header from C:\WINDOWS\System32\KERNEL32.DLL
[1125/115206.221:ERROR:process_memory_win.cc(73)] ReadMemory at 0x7fff8c5c0000 of 64 bytes failed: Only part of a ReadProcessMemory or WriteProcessMemory request was completed. (0x12B)
[1125/115206.221:WARNING:pe_image_reader.cc(340)] could not read dos header from C:\WINDOWS\System32\KERNELBASE.dll
[1125/115206.221:ERROR:process_memory_win.cc(73)] ReadMemory at 0x7fff691e0000 of 64 bytes failed: Only part of a ReadProcessMemory or WriteProcessMemory request was completed. (0x12B)
[1125/115206.221:WARNING:pe_image_reader.cc(340)] could not read dos header from C:\Program Files (x86)\Google\Chrome\Application\87.0.4280.66\chrome_elf.dll
[1125/115206.221:ERROR:process_memory_win.cc(73)] ReadMemory at 0x7fff81670000 of 64 bytes failed: Only part of a ReadProcessMemory or WriteProcessMemory request was completed. (0x12B)
[1125/115206.221:WARNING:pe_image_reader.cc(340)] could not read dos header from C:\WINDOWS\SYSTEM32\VERSION.dll
[1125/115206.221:ERROR:process_memory_win.cc(73)] ReadMemory at 0x7fff8d4c0000 of 64 bytes failed: Only part of a ReadProcessMemory or WriteProcessMemory request was completed. (0x12B)
[1125/115206.221:WARNING:pe_image_reader.cc(340)] could not read dos header from C:\WINDOWS\System32\msvcrt.dll
[1125/115206.221:ERROR:process_memory_win.cc(73)] ReadMemory at 0x7fff8c9f0000 of 64 bytes failed: Only part of a ReadProcessMemory or WriteProcessMemory request was completed. (0x12B)
[1125/115206.221:WARNING:pe_image_reader.cc(340)] could not read dos header from C:\WINDOWS\System32\bcryptPrimitives.dll
[1125/115206.221:ERROR:process_memory_win.cc(73)] ReadMemory at 0x7fff8ea90000 of 64 bytes failed: Only part of a ReadProcessMemory or WriteProcessMemory request was completed. (0x12B)
[1125/115206.221:WARNING:pe_image_reader.cc(340)] could not read dos header from C:\WINDOWS\System32\ADVAPI32.dll
[1125/115206.221:ERROR:process_memory_win.cc(73)] ReadMemory at 0x7fff8e260000 of 64 bytes failed: Only part of a ReadProcessMemory or WriteProcessMemory request was completed. (0x12B)
[1125/115206.221:WARNING:pe_image_reader.cc(340)] could not read dos header from C:\WINDOWS\System32\sechost.dll
[1125/115206.222:ERROR:process_memory_win.cc(73)] ReadMemory at 0x7fff8ed10000 of 64 bytes failed: Only part of a ReadProcessMemory or WriteProcessMemory request was completed. (0x12B)
[1125/115206.222:WARNING:pe_image_reader.cc(340)] could not read dos header from C:\WINDOWS\System32\RPCRT4.dll
[1125/115206.222:ERROR:process_memory_win.cc(73)] ReadMemory at 0x7fff41b80000 of 64 bytes failed: Only part of a ReadProcessMemory or WriteProcessMemory request was completed. (0x12B)
[1125/115206.222:WARNING:pe_image_reader.cc(340)] could not read dos header from C:\Program Files (x86)\Google\Chrome\Application\87.0.4280.66\chrome.dll
[1125/115206.222:ERROR:process_memory_win.cc(73)] ReadMemory at 0x7fff8eca0000 of 64 bytes failed: Only part of a ReadProcessMemory or WriteProcessMemory request was completed. (0x12B)
[1125/115206.222:WARNING:pe_image_reader.cc(340)] could not read dos header from C:\WINDOWS\System32\WS2_32.dll
[1125/115206.222:ERROR:process_memory_win.cc(73)] ReadMemory at 0x7fff8d3a0000 of 64 bytes failed: Only part of a ReadProcessMemory or WriteProcessMemory request was completed. (0x12B)
[1125/115206.222:WARNING:pe_image_reader.cc(340)] could not read dos header from C:\WINDOWS\System32\OLEAUT32.dll
[1125/115206.222:ERROR:process_memory_win.cc(73)] ReadMemory at 0x7fff8c920000 of 64 bytes failed: Only part of a ReadProcessMemory or WriteProcessMemory request was completed. (0x12B)
[1125/115206.222:WARNING:pe_image_reader.cc(340)] could not read dos header from C:\WINDOWS\System32\msvcp_win.dll
[1125/115206.222:ERROR:process_memory_win.cc(73)] ReadMemory at 0x7fff8c320000 of 64 bytes failed: Only part of a ReadProcessMemory or WriteProcessMemory request was completed. (0x12B)
[1125/115206.222:WARNING:pe_image_reader.cc(340)] could not read dos header from C:\WINDOWS\System32\ucrtbase.dll
[1125/115206.222:ERROR:process_memory_win.cc(73)] ReadMemory at 0x7fff8d610000 of 64 bytes failed: Only part of a ReadProcessMemory or WriteProcessMemory request was completed. (0x12B)
[1125/115206.222:WARNING:pe_image_reader.cc(340)] could not read dos header from C:\WINDOWS\System32\combase.dll
[1125/115206.222:ERROR:process_memory_win.cc(73)] ReadMemory at 0x7fff8c270000 of 64 bytes failed: Only part of a ReadProcessMemory or WriteProcessMemory request was completed. (0x12B)
[1125/115206.222:WARNING:pe_image_reader.cc(340)] could not read dos header from C:\WINDOWS\System32\WINTRUST.dll
[1125/115206.222:ERROR:process_memory_win.cc(73)] ReadMemory at 0x7fff8c1b0000 of 64 bytes failed: Only part of a ReadProcessMemory or WriteProcessMemory request was completed. (0x12B)
[1125/115206.222:WARNING:pe_image_reader.cc(340)] could not read dos header from C:\WINDOWS\System32\MSASN1.dll
[1125/115206.222:ERROR:process_memory_win.cc(73)] ReadMemory at 0x7fff8c420000 of 64 bytes failed: Only part of a ReadProcessMemory or WriteProcessMemory request was completed. (0x12B)
[1125/115206.222:WARNING:pe_image_reader.cc(340)] could not read dos header from C:\WINDOWS\System32\CRYPT32.dll
[1125/115206.222:ERROR:process_memory_win.cc(73)] ReadMemory at 0x7fff7ae10000 of 64 bytes failed: Only part of a ReadProcessMemory or WriteProcessMemory request was completed. (0x12B)
[1125/115206.222:WARNING:pe_image_reader.cc(340)] could not read dos header from C:\WINDOWS\SYSTEM32\dbghelp.dll
[1125/115206.222:ERROR:process_memory_win.cc(73)] ReadMemory at 0x7fff8b6e0000 of 64 bytes failed: Only part of a ReadProcessMemory or WriteProcessMemory request was completed. (0x12B)
[1125/115206.222:WARNING:pe_image_reader.cc(340)] could not read dos header from C:\WINDOWS\SYSTEM32\IPHLPAPI.DLL
[1125/115206.223:ERROR:process_memory_win.cc(73)] ReadMemory at 0x7fff88a00000 of 64 bytes failed: Only part of a ReadProcessMemory or WriteProcessMemory request was completed. (0x12B)
[1125/115206.223:WARNING:pe_image_reader.cc(340)] could not read dos header from C:\WINDOWS\SYSTEM32\WINMM.dll
[1125/115206.223:ERROR:process_memory_win.cc(73)] ReadMemory at 0x7fff70800000 of 64 bytes failed: Only part of a ReadProcessMemory or WriteProcessMemory request was completed. (0x12B)
[1125/115206.223:WARNING:pe_image_reader.cc(340)] could not read dos header from C:\WINDOWS\SYSTEM32\UIAutomationCore.DLL
[1125/115206.223:ERROR:process_memory_win.cc(73)] ReadMemory at 0x7fff7ae00000 of 64 bytes failed: Only part of a ReadProcessMemory or WriteProcessMemory request was completed. (0x12B)
[1125/115206.223:WARNING:pe_image_reader.cc(340)] could not read dos header from C:\WINDOWS\SYSTEM32\Secur32.dll
[1125/115206.223:ERROR:process_memory_win.cc(73)] ReadMemory at 0x7fff8c0c0000 of 64 bytes failed: Only part of a ReadProcessMemory or WriteProcessMemory request was completed. (0x12B)
[1125/115206.223:WARNING:pe_image_reader.cc(340)] could not read dos header from C:\WINDOWS\SYSTEM32\USERENV.dll
[1125/115206.223:ERROR:process_memory_win.cc(73)] ReadMemory at 0x7fff8c240000 of 64 bytes failed: Only part of a ReadProcessMemory or WriteProcessMemory request was completed. (0x12B)
[1125/115206.223:WARNING:pe_image_reader.cc(340)] could not read dos header from C:\WINDOWS\System32\profapi.dll
[1125/115206.223:ERROR:process_memory_win.cc(73)] ReadMemory at 0x7fff7c080000 of 64 bytes failed: Only part of a ReadProcessMemory or WriteProcessMemory request was completed. (0x12B)
[1125/115206.223:WARNING:pe_image_reader.cc(340)] could not read dos header from C:\WINDOWS\SYSTEM32\DWrite.dll
[1125/115206.223:ERROR:process_memory_win.cc(73)] ReadMemory at 0x7fff7ecc0000 of 64 bytes failed: Only part of a ReadProcessMemory or WriteProcessMemory request was completed. (0x12B)
[1125/115206.223:WARNING:pe_image_reader.cc(340)] could not read dos header from C:\WINDOWS\SYSTEM32\WINSPOOL.DRV
[1125/115206.223:ERROR:process_memory_win.cc(73)] ReadMemory at 0x7fff8c1d0000 of 64 bytes failed: Only part of a ReadProcessMemory or WriteProcessMemory request was completed. (0x12B)
[1125/115206.223:WARNING:pe_image_reader.cc(340)] could not read dos header from C:\WINDOWS\System32\kernel.appcore.dll
[1125/115206.223:ERROR:process_memory_win.cc(73)] ReadMemory at 0x7fff8c9c0000 of 64 bytes failed: Only part of a ReadProcessMemory or WriteProcessMemory request was completed. (0x12B)
[1125/115206.223:WARNING:pe_image_reader.cc(340)] could not read dos header from C:\WINDOWS\System32\bcrypt.dll
[1125/115206.223:ERROR:process_memory_win.cc(73)] ReadMemory at 0x7fff81150000 of 64 bytes failed: Only part of a ReadProcessMemory or WriteProcessMemory request was completed. (0x12B)
[1125/115206.223:WARNING:pe_image_reader.cc(340)] could not read dos header from C:\WINDOWS\SYSTEM32\WINHTTP.dll
[1125/115206.223:ERROR:process_memory_win.cc(73)] ReadMemory at 0x7fff82df0000 of 64 bytes failed: Only part of a ReadProcessMemory or WriteProcessMemory request was completed. (0x12B)
[1125/115206.223:WARNING:pe_image_reader.cc(340)] could not read dos header from C:\WINDOWS\SYSTEM32\dhcpcsvc.DLL
[1125/115206.223:ERROR:process_memory_win.cc(73)] ReadMemory at 0x7fff8d390000 of 64 bytes failed: Only part of a ReadProcessMemory or WriteProcessMemory request was completed. (0x12B)
[1125/115206.223:WARNING:pe_image_reader.cc(340)] could not read dos header from C:\WINDOWS\System32\NSI.dll
[1125/115206.224:ERROR:process_memory_win.cc(73)] ReadMemory at 0x7fff889d0000 of 64 bytes failed: Only part of a ReadProcessMemory or WriteProcessMemory request was completed. (0x12B)
[1125/115206.224:WARNING:pe_image_reader.cc(340)] could not read dos header from C:\WINDOWS\SYSTEM32\WINMMBASE.dll
[1125/115206.224:ERROR:process_memory_win.cc(73)] ReadMemory at 0x7fff8c570000 of 64 bytes failed: Only part of a ReadProcessMemory or WriteProcessMemory request was completed. (0x12B)
[1125/115206.224:WARNING:pe_image_reader.cc(340)] could not read dos header from C:\WINDOWS\System32\cfgmgr32.dll
[1125/115206.224:ERROR:process_memory_win.cc(73)] ReadMemory at 0x7fff88690000 of 64 bytes failed: Only part of a ReadProcessMemory or WriteProcessMemory request was completed. (0x12B)
[1125/115206.224:WARNING:pe_image_reader.cc(340)] could not read dos header from C:\WINDOWS\SYSTEM32\PROPSYS.dll
[1125/115206.224:ERROR:process_memory_win.cc(73)] ReadMemory at 0x7fff8e9e0000 of 64 bytes failed: Only part of a ReadProcessMemory or WriteProcessMemory request was completed. (0x12B)
[1125/115206.224:WARNING:pe_image_reader.cc(340)] could not read dos header from C:\WINDOWS\System32\shcore.dll
[1125/115206.224:ERROR:process_memory_win.cc(73)] ReadMemory at 0x7fff8c090000 of 64 bytes failed: Only part of a ReadProcessMemory or WriteProcessMemory request was completed. (0x12B)
[1125/115206.224:WARNING:pe_image_reader.cc(340)] could not read dos header from C:\WINDOWS\SYSTEM32\SSPICLI.DLL
[1125/115206.224:ERROR:process_memory_win.cc(73)] ReadMemory at 0x7fff8bb40000 of 64 bytes failed: Only part of a ReadProcessMemory or WriteProcessMemory request was completed. (0x12B)
[1125/115206.224:WARNING:pe_image_reader.cc(340)] could not read dos header from C:\WINDOWS\SYSTEM32\CRYPTBASE.DLL
[1125/115207.625:ERROR:process_memory_win.cc(73)] ReadMemory at 0x7ff76d830000 of 64 bytes failed: Only part of a ReadProcessMemory or WriteProcessMemory request was completed. (0x12B)
[1125/115207.625:WARNING:pe_image_reader.cc(340)] could not read dos header from C:\Program Files (x86)\Google\Chrome\Application\chrome.exe
[1125/115207.625:ERROR:process_memory_win.cc(73)] ReadMemory at 0x7fff8f2e0000 of 64 bytes failed: Only part of a ReadProcessMemory or WriteProcessMemory request was completed. (0x12B)
[1125/115207.625:WARNING:pe_image_reader.cc(340)] could not read dos header from C:\WINDOWS\SYSTEM32\ntdll.dll
[1125/115207.625:ERROR:process_memory_win.cc(73)] ReadMemory at 0x7fff8d9d0000 of 64 bytes failed: Only part of a ReadProcessMemory or WriteProcessMemory request was completed. (0x12B)
[1125/115207.625:WARNING:pe_image_reader.cc(340)] could not read dos header from C:\WINDOWS\System32\KERNEL32.DLL
[1125/115207.625:ERROR:process_memory_win.cc(73)] ReadMemory at 0x7fff8c5c0000 of 64 bytes failed: Only part of a ReadProcessMemory or WriteProcessMemory request was completed. (0x12B)
[1125/115207.625:WARNING:pe_image_reader.cc(340)] could not read dos header from C:\WINDOWS\System32\KERNELBASE.dll
[1125/115207.625:ERROR:process_memory_win.cc(73)] ReadMemory at 0x7fff691e0000 of 64 bytes failed: Only part of a ReadProcessMemory or WriteProcessMemory request was completed. (0x12B)
[1125/115207.625:WARNING:pe_image_reader.cc(340)] could not read dos header from C:\Program Files (x86)\Google\Chrome\Application\87.0.4280.66\chrome_elf.dll
[1125/115207.625:ERROR:process_memory_win.cc(73)] ReadMemory at 0x7fff81670000 of 64 bytes failed: Only part of a ReadProcessMemory or WriteProcessMemory request was completed. (0x12B)
[1125/115207.625:WARNING:pe_image_reader.cc(340)] could not read dos header from C:\WINDOWS\SYSTEM32\VERSION.dll
[1125/115207.625:ERROR:process_memory_win.cc(73)] ReadMemory at 0x7fff8d4c0000 of 64 bytes failed: Only part of a ReadProcessMemory or WriteProcessMemory request was completed. (0x12B)
[1125/115207.625:WARNING:pe_image_reader.cc(340)] could not read dos header from C:\WINDOWS\System32\msvcrt.dll
[1125/115207.625:ERROR:process_memory_win.cc(73)] ReadMemory at 0x7fff8c9f0000 of 64 bytes failed: Only part of a ReadProcessMemory or WriteProcessMemory request was completed. (0x12B)
[1125/115207.625:WARNING:pe_image_reader.cc(340)] could not read dos header from C:\WINDOWS\System32\bcryptPrimitives.dll
[1125/115207.625:ERROR:process_memory_win.cc(73)] ReadMemory at 0x7fff8ea90000 of 64 bytes failed: Only part of a ReadProcessMemory or WriteProcessMemory request was completed. (0x12B)
[1125/115207.625:WARNING:pe_image_reader.cc(340)] could not read dos header from C:\WINDOWS\System32\ADVAPI32.dll
[1125/115207.625:ERROR:process_memory_win.cc(73)] ReadMemory at 0x7fff8e260000 of 64 bytes failed: Only part of a ReadProcessMemory or WriteProcessMemory request was completed. (0x12B)
[1125/115207.625:WARNING:pe_image_reader.cc(340)] could not read dos header from C:\WINDOWS\System32\sechost.dll
[1125/115207.625:ERROR:process_memory_win.cc(73)] ReadMemory at 0x7fff8ed10000 of 64 bytes failed: Only part of a ReadProcessMemory or WriteProcessMemory request was completed. (0x12B)
[1125/115207.625:WARNING:pe_image_reader.cc(340)] could not read dos header from C:\WINDOWS\System32\RPCRT4.dll
[1125/115207.626:ERROR:process_memory_win.cc(73)] ReadMemory at 0x7fff41b80000 of 64 bytes failed: Only part of a ReadProcessMemory or WriteProcessMemory request was completed. (0x12B)
[1125/115207.626:WARNING:pe_image_reader.cc(340)] could not read dos header from C:\Program Files (x86)\Google\Chrome\Application\87.0.4280.66\chrome.dll
[1125/115207.626:ERROR:process_memory_win.cc(73)] ReadMemory at 0x7fff8eca0000 of 64 bytes failed: Only part of a ReadProcessMemory or WriteProcessMemory request was completed. (0x12B)
[1125/115207.626:WARNING:pe_image_reader.cc(340)] could not read dos header from C:\WINDOWS\System32\WS2_32.dll
[1125/115207.626:ERROR:process_memory_win.cc(73)] ReadMemory at 0x7fff8d3a0000 of 64 bytes failed: Only part of a ReadProcessMemory or WriteProcessMemory request was completed. (0x12B)
[1125/115207.626:WARNING:pe_image_reader.cc(340)] could not read dos header from C:\WINDOWS\System32\OLEAUT32.dll
[1125/115207.626:ERROR:process_memory_win.cc(73)] ReadMemory at 0x7fff8c920000 of 64 bytes failed: Only part of a ReadProcessMemory or WriteProcessMemory request was completed. (0x12B)
[1125/115207.626:WARNING:pe_image_reader.cc(340)] could not read dos header from C:\WINDOWS\System32\msvcp_win.dll
[1125/115207.626:ERROR:process_memory_win.cc(73)] ReadMemory at 0x7fff8c320000 of 64 bytes failed: Only part of a ReadProcessMemory or WriteProcessMemory request was completed. (0x12B)
[1125/115207.626:WARNING:pe_image_reader.cc(340)] could not read dos header from C:\WINDOWS\System32\ucrtbase.dll
[1125/115207.626:ERROR:process_memory_win.cc(73)] ReadMemory at 0x7fff8d610000 of 64 bytes failed: Only part of a ReadProcessMemory or WriteProcessMemory request was completed. (0x12B)
[1125/115207.626:WARNING:pe_image_reader.cc(340)] could not read dos header from C:\WINDOWS\System32\combase.dll
[1125/115207.626:ERROR:process_memory_win.cc(73)] ReadMemory at 0x7fff8c270000 of 64 bytes failed: Only part of a ReadProcessMemory or WriteProcessMemory request was completed. (0x12B)
[1125/115207.626:WARNING:pe_image_reader.cc(340)] could not read dos header from C:\WINDOWS\System32\WINTRUST.dll
[1125/115207.626:ERROR:process_memory_win.cc(73)] ReadMemory at 0x7fff8c1b0000 of 64 bytes failed: Only part of a ReadProcessMemory or WriteProcessMemory request was completed. (0x12B)
[1125/115207.626:WARNING:pe_image_reader.cc(340)] could not read dos header from C:\WINDOWS\System32\MSASN1.dll
[1125/115207.626:ERROR:process_memory_win.cc(73)] ReadMemory at 0x7fff8c420000 of 64 bytes failed: Only part of a ReadProcessMemory or WriteProcessMemory request was completed. (0x12B)
[1125/115207.626:WARNING:pe_image_reader.cc(340)] could not read dos header from C:\WINDOWS\System32\CRYPT32.dll
[1125/115207.626:ERROR:process_memory_win.cc(73)] ReadMemory at 0x7fff7ae10000 of 64 bytes failed: Only part of a ReadProcessMemory or WriteProcessMemory request was completed. (0x12B)
[1125/115207.626:WARNING:pe_image_reader.cc(340)] could not read dos header from C:\WINDOWS\SYSTEM32\dbghelp.dll
[1125/115207.626:ERROR:process_memory_win.cc(73)] ReadMemory at 0x7fff8b6e0000 of 64 bytes failed: Only part of a ReadProcessMemory or WriteProcessMemory request was completed. (0x12B)
[1125/115207.626:WARNING:pe_image_reader.cc(340)] could not read dos header from C:\WINDOWS\SYSTEM32\IPHLPAPI.DLL
[1125/115207.626:ERROR:process_memory_win.cc(73)] ReadMemory at 0x7fff88a00000 of 64 bytes failed: Only part of a ReadProcessMemory or WriteProcessMemory request was completed. (0x12B)
[1125/115207.626:WARNING:pe_image_reader.cc(340)] could not read dos header from C:\WINDOWS\SYSTEM32\WINMM.dll
[1125/115207.627:ERROR:process_memory_win.cc(73)] ReadMemory at 0x7fff70800000 of 64 bytes failed: Only part of a ReadProcessMemory or WriteProcessMemory request was completed. (0x12B)
[1125/115207.627:WARNING:pe_image_reader.cc(340)] could not read dos header from C:\WINDOWS\SYSTEM32\UIAutomationCore.DLL
[1125/115207.627:ERROR:process_memory_win.cc(73)] ReadMemory at 0x7fff7ae00000 of 64 bytes failed: Only part of a ReadProcessMemory or WriteProcessMemory request was completed. (0x12B)
[1125/115207.627:WARNING:pe_image_reader.cc(340)] could not read dos header from C:\WINDOWS\SYSTEM32\Secur32.dll
[1125/115207.627:ERROR:process_memory_win.cc(73)] ReadMemory at 0x7fff8c0c0000 of 64 bytes failed: Only part of a ReadProcessMemory or WriteProcessMemory request was completed. (0x12B)
[1125/115207.627:WARNING:pe_image_reader.cc(340)] could not read dos header from C:\WINDOWS\SYSTEM32\USERENV.dll
[1125/115207.627:ERROR:process_memory_win.cc(73)] ReadMemory at 0x7fff8c240000 of 64 bytes failed: Only part of a ReadProcessMemory or WriteProcessMemory request was completed. (0x12B)
[1125/115207.627:WARNING:pe_image_reader.cc(340)] could not read dos header from C:\WINDOWS\System32\profapi.dll
[1125/115207.627:ERROR:process_memory_win.cc(73)] ReadMemory at 0x7fff7c080000 of 64 bytes failed: Only part of a ReadProcessMemory or WriteProcessMemory request was completed. (0x12B)
[1125/115207.627:WARNING:pe_image_reader.cc(340)] could not read dos header from C:\WINDOWS\SYSTEM32\DWrite.dll
[1125/115207.627:ERROR:process_memory_win.cc(73)] ReadMemory at 0x7fff7ecc0000 of 64 bytes failed: Only part of a ReadProcessMemory or WriteProcessMemory request was completed. (0x12B)
[1125/115207.627:WARNING:pe_image_reader.cc(340)] could not read dos header from C:\WINDOWS\SYSTEM32\WINSPOOL.DRV
[1125/115207.627:ERROR:process_memory_win.cc(73)] ReadMemory at 0x7fff8c1d0000 of 64 bytes failed: Only part of a ReadProcessMemory or WriteProcessMemory request was completed. (0x12B)
[1125/115207.627:WARNING:pe_image_reader.cc(340)] could not read dos header from C:\WINDOWS\System32\kernel.appcore.dll
[1125/115207.627:ERROR:process_memory_win.cc(73)] ReadMemory at 0x7fff8c9c0000 of 64 bytes failed: Only part of a ReadProcessMemory or WriteProcessMemory request was completed. (0x12B)
[1125/115207.627:WARNING:pe_image_reader.cc(340)] could not read dos header from C:\WINDOWS\System32\bcrypt.dll
[1125/115207.627:ERROR:process_memory_win.cc(73)] ReadMemory at 0x7fff81150000 of 64 bytes failed: Only part of a ReadProcessMemory or WriteProcessMemory request was completed. (0x12B)
[1125/115207.627:WARNING:pe_image_reader.cc(340)] could not read dos header from C:\WINDOWS\SYSTEM32\WINHTTP.dll
[1125/115207.627:ERROR:process_memory_win.cc(73)] ReadMemory at 0x7fff82df0000 of 64 bytes failed: Only part of a ReadProcessMemory or WriteProcessMemory request was completed. (0x12B)
[1125/115207.627:WARNING:pe_image_reader.cc(340)] could not read dos header from C:\WINDOWS\SYSTEM32\dhcpcsvc.DLL
[1125/115207.627:ERROR:process_memory_win.cc(73)] ReadMemory at 0x7fff8d390000 of 64 bytes failed: Only part of a ReadProcessMemory or WriteProcessMemory request was completed. (0x12B)
[1125/115207.627:WARNING:pe_image_reader.cc(340)] could not read dos header from C:\WINDOWS\System32\NSI.dll
[1125/115207.627:ERROR:process_memory_win.cc(73)] ReadMemory at 0x7fff889d0000 of 64 bytes failed: Only part of a ReadProcessMemory or WriteProcessMemory request was completed. (0x12B)
[1125/115207.627:WARNING:pe_image_reader.cc(340)] could not read dos header from C:\WINDOWS\SYSTEM32\WINMMBASE.dll
[1125/115207.627:ERROR:process_memory_win.cc(73)] ReadMemory at 0x7fff8c570000 of 64 bytes failed: Only part of a ReadProcessMemory or WriteProcessMemory request was completed. (0x12B)
[1125/115207.627:WARNING:pe_image_reader.cc(340)] could not read dos header from C:\WINDOWS\System32\cfgmgr32.dll
[1125/115207.628:ERROR:process_memory_win.cc(73)] ReadMemory at 0x7fff88690000 of 64 bytes failed: Only part of a ReadProcessMemory or WriteProcessMemory request was completed. (0x12B)
[1125/115207.628:WARNING:pe_image_reader.cc(340)] could not read dos header from C:\WINDOWS\SYSTEM32\PROPSYS.dll
[1125/115207.628:ERROR:process_memory_win.cc(73)] ReadMemory at 0x7fff8e9e0000 of 64 bytes failed: Only part of a ReadProcessMemory or WriteProcessMemory request was completed. (0x12B)
[1125/115207.628:WARNING:pe_image_reader.cc(340)] could not read dos header from C:\WINDOWS\System32\shcore.dll
[1125/115207.628:ERROR:process_memory_win.cc(73)] ReadMemory at 0x7fff8c090000 of 64 bytes failed: Only part of a ReadProcessMemory or WriteProcessMemory request was completed. (0x12B)
[1125/115207.628:WARNING:pe_image_reader.cc(340)] could not read dos header from C:\WINDOWS\SYSTEM32\SSPICLI.DLL
[1125/115207.628:ERROR:process_memory_win.cc(73)] ReadMemory at 0x7fff8bb40000 of 64 bytes failed: Only part of a ReadProcessMemory or WriteProcessMemory request was completed. (0x12B)
[1125/115207.628:WARNING:pe_image_reader.cc(340)] could not read dos header from C:\WINDOWS\SYSTEM32\CRYPTBASE.DLL
[1125/115207.628:ERROR:process_memory_win.cc(73)] ReadMemory at 0x7ff76d830000 of 64 bytes failed: Only part of a ReadProcessMemory or WriteProcessMemory request was completed. (0x12B)
[1125/115207.628:WARNING:pe_image_reader.cc(340)] could not read dos header from C:\Program Files (x86)\Google\Chrome\Application\chrome.exe
[1125/115207.628:ERROR:process_memory_win.cc(73)] ReadMemory at 0x7fff8f2e0000 of 64 bytes failed: Only part of a ReadProcessMemory or WriteProcessMemory request was completed. (0x12B)
[1125/115207.628:WARNING:pe_image_reader.cc(340)] could not read dos header from C:\WINDOWS\SYSTEM32\ntdll.dll
[1125/115207.628:ERROR:process_memory_win.cc(73)] ReadMemory at 0x7fff8d9d0000 of 64 bytes failed: Only part of a ReadProcessMemory or WriteProcessMemory request was completed. (0x12B)
[1125/115207.628:WARNING:pe_image_reader.cc(340)] could not read dos header from C:\WINDOWS\System32\KERNEL32.DLL
[1125/115207.628:ERROR:process_memory_win.cc(73)] ReadMemory at 0x7fff8c5c0000 of 64 bytes failed: Only part of a ReadProcessMemory or WriteProcessMemory request was completed. (0x12B)
[1125/115207.628:WARNING:pe_image_reader.cc(340)] could not read dos header from C:\WINDOWS\System32\KERNELBASE.dll
[1125/115207.628:ERROR:process_memory_win.cc(73)] ReadMemory at 0x7fff691e0000 of 64 bytes failed: Only part of a ReadProcessMemory or WriteProcessMemory request was completed. (0x12B)
[1125/115207.628:WARNING:pe_image_reader.cc(340)] could not read dos header from C:\Program Files (x86)\Google\Chrome\Application\87.0.4280.66\chrome_elf.dll
[1125/115207.628:ERROR:process_memory_win.cc(73)] ReadMemory at 0x7fff81670000 of 64 bytes failed: Only part of a ReadProcessMemory or WriteProcessMemory request was completed. (0x12B)
[1125/115207.628:WARNING:pe_image_reader.cc(340)] could not read dos header from C:\WINDOWS\SYSTEM32\VERSION.dll
[1125/115207.628:ERROR:process_memory_win.cc(73)] ReadMemory at 0x7fff8d4c0000 of 64 bytes failed: Only part of a ReadProcessMemory or WriteProcessMemory request was completed. (0x12B)
[1125/115207.628:WARNING:pe_image_reader.cc(340)] could not read dos header from C:\WINDOWS\System32\msvcrt.dll
[1125/115207.628:ERROR:process_memory_win.cc(73)] ReadMemory at 0x7fff8c9f0000 of 64 bytes failed: Only part of a ReadProcessMemory or WriteProcessMemory request was completed. (0x12B)
[1125/115207.628:WARNING:pe_image_reader.cc(340)] could not read dos header from C:\WINDOWS\System32\bcryptPrimitives.dll
[1125/115207.628:ERROR:process_memory_win.cc(73)] ReadMemory at 0x7fff8ea90000 of 64 bytes failed: Only part of a ReadProcessMemory or WriteProcessMemory request was completed. (0x12B)
[1125/115207.629:WARNING:pe_image_reader.cc(340)] could not read dos header from C:\WINDOWS\System32\ADVAPI32.dll
[1125/115207.629:ERROR:process_memory_win.cc(73)] ReadMemory at 0x7fff8e260000 of 64 bytes failed: Only part of a ReadProcessMemory or WriteProcessMemory request was completed. (0x12B)
[1125/115207.629:WARNING:pe_image_reader.cc(340)] could not read dos header from C:\WINDOWS\System32\sechost.dll
[1125/115207.629:ERROR:process_memory_win.cc(73)] ReadMemory at 0x7fff8ed10000 of 64 bytes failed: Only part of a ReadProcessMemory or WriteProcessMemory request was completed. (0x12B)
[1125/115207.629:WARNING:pe_image_reader.cc(340)] could not read dos header from C:\WINDOWS\System32\RPCRT4.dll
[1125/115207.629:ERROR:process_memory_win.cc(73)] ReadMemory at 0x7fff41b80000 of 64 bytes failed: Only part of a ReadProcessMemory or WriteProcessMemory request was completed. (0x12B)
[1125/115207.629:WARNING:pe_image_reader.cc(340)] could not read dos header from C:\Program Files (x86)\Google\Chrome\Application\87.0.4280.66\chrome.dll
[1125/115207.629:ERROR:process_memory_win.cc(73)] ReadMemory at 0x7fff8eca0000 of 64 bytes failed: Only part of a ReadProcessMemory or WriteProcessMemory request was completed. (0x12B)
[1125/115207.629:WARNING:pe_image_reader.cc(340)] could not read dos header from C:\WINDOWS\System32\WS2_32.dll
[1125/115207.629:ERROR:process_memory_win.cc(73)] ReadMemory at 0x7fff8d3a0000 of 64 bytes failed: Only part of a ReadProcessMemory or WriteProcessMemory request was completed. (0x12B)
[1125/115207.629:WARNING:pe_image_reader.cc(340)] could not read dos header from C:\WINDOWS\System32\OLEAUT32.dll
[1125/115207.629:ERROR:process_memory_win.cc(73)] ReadMemory at 0x7fff8c920000 of 64 bytes failed: Only part of a ReadProcessMemory or WriteProcessMemory request was completed. (0x12B)
[1125/115207.629:WARNING:pe_image_reader.cc(340)] could not read dos header from C:\WINDOWS\System32\msvcp_win.dll
[1125/115207.629:ERROR:process_memory_win.cc(73)] ReadMemory at 0x7fff8c320000 of 64 bytes failed: Only part of a ReadProcessMemory or WriteProcessMemory request was completed. (0x12B)
[1125/115207.629:WARNING:pe_image_reader.cc(340)] could not read dos header from C:\WINDOWS\System32\ucrtbase.dll
[1125/115207.629:ERROR:process_memory_win.cc(73)] ReadMemory at 0x7fff8d610000 of 64 bytes failed: Only part of a ReadProcessMemory or WriteProcessMemory request was completed. (0x12B)
[1125/115207.629:WARNING:pe_image_reader.cc(340)] could not read dos header from C:\WINDOWS\System32\combase.dll
[1125/115207.629:ERROR:process_memory_win.cc(73)] ReadMemory at 0x7fff8c270000 of 64 bytes failed: Only part of a ReadProcessMemory or WriteProcessMemory request was completed. (0x12B)
[1125/115207.629:WARNING:pe_image_reader.cc(340)] could not read dos header from C:\WINDOWS\System32\WINTRUST.dll
[1125/115207.629:ERROR:process_memory_win.cc(73)] ReadMemory at 0x7fff8c1b0000 of 64 bytes failed: Only part of a ReadProcessMemory or WriteProcessMemory request was completed. (0x12B)
[1125/115207.629:WARNING:pe_image_reader.cc(340)] could not read dos header from C:\WINDOWS\System32\MSASN1.dll
[1125/115207.629:ERROR:process_memory_win.cc(73)] ReadMemory at 0x7fff8c420000 of 64 bytes failed: Only part of a ReadProcessMemory or WriteProcessMemory request was completed. (0x12B)
[1125/115207.629:WARNING:pe_image_reader.cc(340)] could not read dos header from C:\WINDOWS\System32\CRYPT32.dll
[1125/115207.629:ERROR:process_memory_win.cc(73)] ReadMemory at 0x7fff7ae10000 of 64 bytes failed: Only part of a ReadProcessMemory or WriteProcessMemory request was completed. (0x12B)
[1125/115207.629:WARNING:pe_image_reader.cc(340)] could not read dos header from C:\WINDOWS\SYSTEM32\dbghelp.dll
[1125/115207.629:ERROR:process_memory_win.cc(73)] ReadMemory at 0x7fff8b6e0000 of 64 bytes failed: Only part of a ReadProcessMemory or WriteProcessMemory request was completed. (0x12B)
[1125/115207.630:WARNING:pe_image_reader.cc(340)] could not read dos header from C:\WINDOWS\SYSTEM32\IPHLPAPI.DLL
[1125/115207.630:ERROR:process_memory_win.cc(73)] ReadMemory at 0x7fff88a00000 of 64 bytes failed: Only part of a ReadProcessMemory or WriteProcessMemory request was completed. (0x12B)
[1125/115207.630:WARNING:pe_image_reader.cc(340)] could not read dos header from C:\WINDOWS\SYSTEM32\WINMM.dll
[1125/115207.630:ERROR:process_memory_win.cc(73)] ReadMemory at 0x7fff70800000 of 64 bytes failed: Only part of a ReadProcessMemory or WriteProcessMemory request was completed. (0x12B)
[1125/115207.630:WARNING:pe_image_reader.cc(340)] could not read dos header from C:\WINDOWS\SYSTEM32\UIAutomationCore.DLL
[1125/115207.630:ERROR:process_memory_win.cc(73)] ReadMemory at 0x7fff7ae00000 of 64 bytes failed: Only part of a ReadProcessMemory or WriteProcessMemory request was completed. (0x12B)
[1125/115207.630:WARNING:pe_image_reader.cc(340)] could not read dos header from C:\WINDOWS\SYSTEM32\Secur32.dll
[1125/115207.630:ERROR:process_memory_win.cc(73)] ReadMemory at 0x7fff8c0c0000 of 64 bytes failed: Only part of a ReadProcessMemory or WriteProcessMemory request was completed. (0x12B)
[1125/115207.630:WARNING:pe_image_reader.cc(340)] could not read dos header from C:\WINDOWS\SYSTEM32\USERENV.dll
[1125/115207.630:ERROR:process_memory_win.cc(73)] ReadMemory at 0x7fff8c240000 of 64 bytes failed: Only part of a ReadProcessMemory or WriteProcessMemory request was completed. (0x12B)
[1125/115207.630:WARNING:pe_image_reader.cc(340)] could not read dos header from C:\WINDOWS\System32\profapi.dll
[1125/115207.630:ERROR:process_memory_win.cc(73)] ReadMemory at 0x7fff7c080000 of 64 bytes failed: Only part of a ReadProcessMemory or WriteProcessMemory request was completed. (0x12B)
[1125/115207.630:WARNING:pe_image_reader.cc(340)] could not read dos header from C:\WINDOWS\SYSTEM32\DWrite.dll
[1125/115207.630:ERROR:process_memory_win.cc(73)] ReadMemory at 0x7fff7ecc0000 of 64 bytes failed: Only part of a ReadProcessMemory or WriteProcessMemory request was completed. (0x12B)
[1125/115207.630:WARNING:pe_image_reader.cc(340)] could not read dos header from C:\WINDOWS\SYSTEM32\WINSPOOL.DRV
[1125/115207.630:ERROR:process_memory_win.cc(73)] ReadMemory at 0x7fff8c1d0000 of 64 bytes failed: Only part of a ReadProcessMemory or WriteProcessMemory request was completed. (0x12B)
[1125/115207.630:WARNING:pe_image_reader.cc(340)] could not read dos header from C:\WINDOWS\System32\kernel.appcore.dll
[1125/115207.630:ERROR:process_memory_win.cc(73)] ReadMemory at 0x7fff8c9c0000 of 64 bytes failed: Only part of a ReadProcessMemory or WriteProcessMemory request was completed. (0x12B)
[1125/115207.630:WARNING:pe_image_reader.cc(340)] could not read dos header from C:\WINDOWS\System32\bcrypt.dll
[1125/115207.630:ERROR:process_memory_win.cc(73)] ReadMemory at 0x7fff81150000 of 64 bytes failed: Only part of a ReadProcessMemory or WriteProcessMemory request was completed. (0x12B)
[1125/115207.630:WARNING:pe_image_reader.cc(340)] could not read dos header from C:\WINDOWS\SYSTEM32\WINHTTP.dll
[1125/115207.630:ERROR:process_memory_win.cc(73)] ReadMemory at 0x7fff82df0000 of 64 bytes failed: Only part of a ReadProcessMemory or WriteProcessMemory request was completed. (0x12B)
[1125/115207.630:WARNING:pe_image_reader.cc(340)] could not read dos header from C:\WINDOWS\SYSTEM32\dhcpcsvc.DLL
[1125/115207.630:ERROR:process_memory_win.cc(73)] ReadMemory at 0x7fff8d390000 of 64 bytes failed: Only part of a ReadProcessMemory or WriteProcessMemory request was completed. (0x12B)
[1125/115207.631:WARNING:pe_image_reader.cc(340)] could not read dos header from C:\WINDOWS\System32\NSI.dll
[1125/115207.631:ERROR:process_memory_win.cc(73)] ReadMemory at 0x7fff889d0000 of 64 bytes failed: Only part of a ReadProcessMemory or WriteProcessMemory request was completed. (0x12B)
[1125/115207.631:WARNING:pe_image_reader.cc(340)] could not read dos header from C:\WINDOWS\SYSTEM32\WINMMBASE.dll
[1125/115207.631:ERROR:process_memory_win.cc(73)] ReadMemory at 0x7fff8c570000 of 64 bytes failed: Only part of a ReadProcessMemory or WriteProcessMemory request was completed. (0x12B)
[1125/115207.631:WARNING:pe_image_reader.cc(340)] could not read dos header from C:\WINDOWS\System32\cfgmgr32.dll
[1125/115207.631:ERROR:process_memory_win.cc(73)] ReadMemory at 0x7fff88690000 of 64 bytes failed: Only part of a ReadProcessMemory or WriteProcessMemory request was completed. (0x12B)
[1125/115207.631:WARNING:pe_image_reader.cc(340)] could not read dos header from C:\WINDOWS\SYSTEM32\PROPSYS.dll
[1125/115207.631:ERROR:process_memory_win.cc(73)] ReadMemory at 0x7fff8e9e0000 of 64 bytes failed: Only part of a ReadProcessMemory or WriteProcessMemory request was completed. (0x12B)
[1125/115207.631:WARNING:pe_image_reader.cc(340)] could not read dos header from C:\WINDOWS\System32\shcore.dll
[1125/115207.631:ERROR:process_memory_win.cc(73)] ReadMemory at 0x7fff8c090000 of 64 bytes failed: Only part of a ReadProcessMemory or WriteProcessMemory request was completed. (0x12B)
[1125/115207.631:WARNING:pe_image_reader.cc(340)] could not read dos header from C:\WINDOWS\SYSTEM32\SSPICLI.DLL
[1125/115207.631:ERROR:process_memory_win.cc(73)] ReadMemory at 0x7fff8bb40000 of 64 bytes failed: Only part of a ReadProcessMemory or WriteProcessMemory request was completed. (0x12B)
[1125/115207.631:WARNING:pe_image_reader.cc(340)] could not read dos header from C:\WINDOWS\SYSTEM32\CRYPTBASE.DLL
[1125/115209.092:ERROR:process_memory_win.cc(73)] ReadMemory at 0x6fa53e0000 of 131072 bytes failed: Only part of a ReadProcessMemory or WriteProcessMemory request was completed. (0x12B)
[1125/115209.567:ERROR:process_memory_win.cc(73)] ReadMemory at 0x6fa5bfe000 of 8192 bytes failed: Only part of a ReadProcessMemory or WriteProcessMemory request was completed. (0x12B)
[1125/115209.567:ERROR:process_memory_win.cc(73)] ReadMemory at 0x6fa6bfe000 of 8192 bytes failed: Only part of a ReadProcessMemory or WriteProcessMemory request was completed. (0x12B)
[1125/115209.568:ERROR:process_memory_win.cc(73)] ReadMemory at 0x6fa73fd000 of 12288 bytes failed: Only part of a ReadProcessMemory or WriteProcessMemory request was completed. (0x12B)
[1125/115209.568:ERROR:process_memory_win.cc(73)] ReadMemory at 0x6fa7bfe000 of 8192 bytes failed: Only part of a ReadProcessMemory or WriteProcessMemory request was completed. (0x12B)
[1125/115209.568:ERROR:process_memory_win.cc(73)] ReadMemory at 0x6fa83fe000 of 8192 bytes failed: Only part of a ReadProcessMemory or WriteProcessMemory request was completed. (0x12B)
[1125/115209.568:ERROR:process_memory_win.cc(73)] ReadMemory at 0x6fa8bfa000 of 24576 bytes failed: Only part of a ReadProcessMemory or WriteProcessMemory request was completed. (0x12B)
[1125/115209.568:ERROR:process_memory_win.cc(73)] ReadMemory at 0x6fa93fd000 of 12288 bytes failed: Only part of a ReadProcessMemory or WriteProcessMemory request was completed. (0x12B)
[1125/115209.569:ERROR:process_memory_win.cc(73)] ReadMemory at 0x6fa9bfe000 of 8192 bytes failed: Only part of a ReadProcessMemory or WriteProcessMemory request was completed. (0x12B)
[1125/115209.569:ERROR:process_memory_win.cc(73)] ReadMemory at 0x6faa3fe000 of 8192 bytes failed: Only part of a ReadProcessMemory or WriteProcessMemory request was completed. (0x12B)
[1125/115209.569:ERROR:process_memory_win.cc(73)] ReadMemory at 0x6faabfe000 of 8192 bytes failed: Only part of a ReadProcessMemory or WriteProcessMemory request was completed. (0x12B)
[1125/115209.569:ERROR:process_memory_win.cc(73)] ReadMemory at 0x6fab3fe000 of 8192 bytes failed: Only part of a ReadProcessMemory or WriteProcessMemory request was completed. (0x12B)
[1125/115209.569:ERROR:process_memory_win.cc(73)] ReadMemory at 0x6fa63fe000 of 8192 bytes failed: Only part of a ReadProcessMemory or WriteProcessMemory request was completed. (0x12B)
[1125/115209.569:ERROR:process_memory_win.cc(73)] ReadMemory at 0x6fabbff000 of 4096 bytes failed: Only part of a ReadProcessMemory or WriteProcessMemory request was completed. (0x12B)
[1125/115209.748:ERROR:process_memory_win.cc(73)] ReadMemory at 0x6fa4a2a000 of 852 bytes failed: Only part of a ReadProcessMemory or WriteProcessMemory request was completed. (0x12B)
[1125/115209.749:ERROR:process_memory_win.cc(73)] ReadMemory at 0x6fa4a2b000 of 6024 bytes failed: Only part of a ReadProcessMemory or WriteProcessMemory request was completed. (0x12B)
[1125/115209.749:ERROR:process_memory_win.cc(73)] ReadMemory at 0x6fa4a2d000 of 6024 bytes failed: Only part of a ReadProcessMemory or WriteProcessMemory request was completed. (0x12B)
[1125/115209.749:ERROR:process_memory_win.cc(73)] ReadMemory at 0x6fa4a31000 of 6024 bytes failed: Only part of a ReadProcessMemory or WriteProcessMemory request was completed. (0x12B)
[1125/115209.749:ERROR:process_memory_win.cc(73)] ReadMemory at 0x6fa4a33000 of 6024 bytes failed: Only part of a ReadProcessMemory or WriteProcessMemory request was completed. (0x12B)
[1125/115209.749:ERROR:process_memory_win.cc(73)] ReadMemory at 0x6fa4a35000 of 6024 bytes failed: Only part of a ReadProcessMemory or WriteProcessMemory request was completed. (0x12B)
[1125/115209.749:ERROR:process_memory_win.cc(73)] ReadMemory at 0x6fa4a37000 of 6024 bytes failed: Only part of a ReadProcessMemory or WriteProcessMemory request was completed. (0x12B)
[1125/115209.749:ERROR:process_memory_win.cc(73)] ReadMemory at 0x6fa4a39000 of 6024 bytes failed: Only part of a ReadProcessMemory or WriteProcessMemory request was completed. (0x12B)
[1125/115209.750:ERROR:process_memory_win.cc(73)] ReadMemory at 0x6fa4a3b000 of 6024 bytes failed: Only part of a ReadProcessMemory or WriteProcessMemory request was completed. (0x12B)
[1125/115209.750:ERROR:process_memory_win.cc(73)] ReadMemory at 0x6fa4a3d000 of 6024 bytes failed: Only part of a ReadProcessMemory or WriteProcessMemory request was completed. (0x12B)
[1125/115209.750:ERROR:process_memory_win.cc(73)] ReadMemory at 0x6fa4a3f000 of 6024 bytes failed: Only part of a ReadProcessMemory or WriteProcessMemory request was completed. (0x12B)
[1125/115209.750:ERROR:process_memory_win.cc(73)] ReadMemory at 0x6fa4a41000 of 6024 bytes failed: Only part of a ReadProcessMemory or WriteProcessMemory request was completed. (0x12B)
[1125/115209.750:ERROR:process_memory_win.cc(73)] ReadMemory at 0x6fa4a43000 of 6024 bytes failed: Only part of a ReadProcessMemory or WriteProcessMemory request was completed. (0x12B)
[1125/115209.750:ERROR:process_memory_win.cc(73)] ReadMemory at 0x6fa4a4b000 of 6024 bytes failed: Only part of a ReadProcessMemory or WriteProcessMemory request was completed. (0x12B)
[1125/115209.750:ERROR:process_memory_win.cc(73)] ReadMemory at 0x6fa4a4d000 of 6024 bytes failed: Only part of a ReadProcessMemory or WriteProcessMemory request was completed. (0x12B)
[1125/115209.750:ERROR:process_memory_win.cc(73)] ReadMemory at 0x176596f0c40 of 512 bytes failed: Only part of a ReadProcessMemory or WriteProcessMemory request was completed. (0x12B)
[1125/115210.688:ERROR:process_memory_win.cc(73)] ReadMemory at 0x17659720fe0 of 21530 bytes failed: Only part of a ReadProcessMemory or WriteProcessMemory request was completed. (0x12B)
[1125/115210.688:ERROR:process_memory_win.cc(73)] ReadMemory at 0x17659726410 of 1012 bytes failed: Only part of a ReadProcessMemory or WriteProcessMemory request was completed. (0x12B)
[1125/115210.688:ERROR:process_memory_win.cc(73)] ReadMemory at 0x17659726a58 of 118 bytes failed: Only part of a ReadProcessMemory or WriteProcessMemory request was completed. (0x12B)
[1125/115210.688:ERROR:process_memory_win.cc(73)] ReadMemory at 0x17659726ad0 of 706 bytes failed: Only part of a ReadProcessMemory or WriteProcessMemory request was completed. (0x12B)
[1125/115210.688:ERROR:process_memory_win.cc(73)] ReadMemory at 0x17659726d94 of 118 bytes failed: Only part of a ReadProcessMemory or WriteProcessMemory request was completed. (0x12B)
[1125/115210.688:ERROR:process_memory_win.cc(73)] ReadMemory at 0x17659726e0c of 100 bytes failed: Only part of a ReadProcessMemory or WriteProcessMemory request was completed. (0x12B)
[1125/115210.688:ERROR:process_memory_win.cc(73)] ReadMemory at 0x17659726e80 of 58 bytes failed: Only part of a ReadProcessMemory or WriteProcessMemory request was completed. (0x12B)
[1125/115210.689:ERROR:process_memory_win.cc(73)] ReadMemory at 0x17659726f80 of 132 bytes failed: Only part of a ReadProcessMemory or WriteProcessMemory request was completed. (0x12B)
[1125/115210.689:ERROR:process_memory_win.cc(73)] ReadMemory at 0x17659727110 of 132 bytes failed: Only part of a ReadProcessMemory or WriteProcessMemory request was completed. (0x12B)
[1125/115210.689:ERROR:process_memory_win.cc(73)] ReadMemory at 0x176597272d0 of 124 bytes failed: Only part of a ReadProcessMemory or WriteProcessMemory request was completed. (0x12B)
[1125/115210.689:ERROR:process_memory_win.cc(73)] ReadMemory at 0x176597277d0 of 132 bytes failed: Only part of a ReadProcessMemory or WriteProcessMemory request was completed. (0x12B)
[1125/115210.689:ERROR:process_memory_win.cc(73)] ReadMemory at 0x17659727960 of 64 bytes failed: Only part of a ReadProcessMemory or WriteProcessMemory request was completed. (0x12B)
[1125/115210.689:ERROR:process_memory_win.cc(73)] ReadMemory at 0x17659727b20 of 132 bytes failed: Only part of a ReadProcessMemory or WriteProcessMemory request was completed. (0x12B)
[1125/115210.690:ERROR:process_memory_win.cc(73)] ReadMemory at 0x17659727dc0 of 132 bytes failed: Only part of a ReadProcessMemory or WriteProcessMemory request was completed. (0x12B)
[1125/115210.690:ERROR:process_memory_win.cc(73)] ReadMemory at 0x17659727f50 of 68 bytes failed: Only part of a ReadProcessMemory or WriteProcessMemory request was completed. (0x12B)
[1125/115210.690:ERROR:process_memory_win.cc(73)] ReadMemory at 0x17659728fd0 of 132 bytes failed: Only part of a ReadProcessMemory or WriteProcessMemory request was completed. (0x12B)
[1125/115210.785:ERROR:process_memory_win.cc(73)] ReadMemory at 0x17659729160 of 152 bytes failed: Only part of a ReadProcessMemory or WriteProcessMemory request was completed. (0x12B)
[1125/115210.785:ERROR:process_memory_win.cc(73)] ReadMemory at 0x1765972cf40 of 62 bytes failed: Only part of a ReadProcessMemory or WriteProcessMemory request was completed. (0x12B)
[1125/115210.810:ERROR:process_memory_win.cc(73)] ReadMemory at 0x1765972d070 of 132 bytes failed: Only part of a ReadProcessMemory or WriteProcessMemory request was completed. (0x12B)
[1125/115210.810:ERROR:process_memory_win.cc(73)] ReadMemory at 0x1765972d200 of 60 bytes failed: Only part of a ReadProcessMemory or WriteProcessMemory request was completed. (0x12B)
[1125/115211.363:ERROR:process_memory_win.cc(73)] ReadMemory at 0x1765973b840 of 80 bytes failed: Only part of a ReadProcessMemory or WriteProcessMemory request was completed. (0x12B)
[1125/115211.363:ERROR:process_memory_win.cc(73)] ReadMemory at 0x17659740ed0 of 132 bytes failed: Only part of a ReadProcessMemory or WriteProcessMemory request was completed. (0x12B)
[1125/115212.157:ERROR:process_memory_win.cc(73)] ReadMemory at 0x17659741610 of 132 bytes failed: Only part of a ReadProcessMemory or WriteProcessMemory request was completed. (0x12B)
[1125/115212.236:ERROR:process_memory_win.cc(73)] ReadMemory at 0x176597417e0 of 132 bytes failed: Only part of a ReadProcessMemory or WriteProcessMemory request was completed. (0x12B)
[1125/115212.236:ERROR:process_memory_win.cc(73)] ReadMemory at 0x17659742920 of 132 bytes failed: Only part of a ReadProcessMemory or WriteProcessMemory request was completed. (0x12B)
[1125/115212.237:ERROR:process_memory_win.cc(73)] ReadMemory at 0x17659742b40 of 132 bytes failed: Only part of a ReadProcessMemory or WriteProcessMemory request was completed. (0x12B)
[1125/115212.237:ERROR:process_memory_win.cc(73)] ReadMemory at 0x17659742d60 of 132 bytes failed: Only part of a ReadProcessMemory or WriteProcessMemory request was completed. (0x12B)
[1125/115212.237:ERROR:process_memory_win.cc(73)] ReadMemory at 0x176597430c0 of 132 bytes failed: Only part of a ReadProcessMemory or WriteProcessMemory request was completed. (0x12B)
[1125/115212.237:ERROR:process_memory_win.cc(73)] ReadMemory at 0x17659744520 of 132 bytes failed: Only part of a ReadProcessMemory or WriteProcessMemory request was completed. (0x12B)
[1125/115212.237:ERROR:process_memory_win.cc(73)] ReadMemory at 0x17659745c20 of 62 bytes failed: Only part of a ReadProcessMemory or WriteProcessMemory request was completed. (0x12B)
[1125/115212.542:ERROR:process_memory_win.cc(73)] ReadMemory at 0x17659745c70 of 64 bytes failed: Only part of a ReadProcessMemory or WriteProcessMemory request was completed. (0x12B)
[1125/115212.542:ERROR:process_memory_win.cc(73)] ReadMemory at 0x17659745d10 of 62 bytes failed: Only part of a ReadProcessMemory or WriteProcessMemory request was completed. (0x12B)
[1125/115212.542:ERROR:process_memory_win.cc(73)] ReadMemory at 0x17659745e50 of 64 bytes failed: Only part of a ReadProcessMemory or WriteProcessMemory request was completed. (0x12B)
[1125/115212.543:ERROR:process_memory_win.cc(73)] ReadMemory at 0x17659745fe0 of 66 bytes failed: Only part of a ReadProcessMemory or WriteProcessMemory request was completed. (0x12B)
[1125/115212.550:ERROR:process_memory_win.cc(73)] ReadMemory at 0x176597463f0 of 64 bytes failed: Only part of a ReadProcessMemory or WriteProcessMemory request was completed. (0x12B)
[1125/115212.973:ERROR:process_memory_win.cc(73)] ReadMemory at 0x17659746490 of 62 bytes failed: Only part of a ReadProcessMemory or WriteProcessMemory request was completed. (0x12B)
[1125/115213.197:ERROR:process_memory_win.cc(73)] ReadMemory at 0x176597464e0 of 64 bytes failed: Only part of a ReadProcessMemory or WriteProcessMemory request was completed. (0x12B)
[1125/115213.469:ERROR:process_memory_win.cc(73)] ReadMemory at 0x17659746530 of 60 bytes failed: Only part of a ReadProcessMemory or WriteProcessMemory request was completed. (0x12B)
[1125/115213.469:ERROR:process_memory_win.cc(73)] ReadMemory at 0x17659746710 of 60 bytes failed: Only part of a ReadProcessMemory or WriteProcessMemory request was completed. (0x12B)
[1125/115213.469:ERROR:process_memory_win.cc(73)] ReadMemory at 0x17659746760 of 60 bytes failed: Only part of a ReadProcessMemory or WriteProcessMemory request was completed. (0x12B)
[1125/115213.469:ERROR:process_memory_win.cc(73)] ReadMemory at 0x17659746800 of 64 bytes failed: Only part of a ReadProcessMemory or WriteProcessMemory request was completed. (0x12B)
[1125/115213.469:ERROR:process_memory_win.cc(73)] ReadMemory at 0x17659746850 of 62 bytes failed: Only part of a ReadProcessMemory or WriteProcessMemory request was completed. (0x12B)
[1125/115213.469:ERROR:process_memory_win.cc(73)] ReadMemory at 0x17659747880 of 54 bytes failed: Only part of a ReadProcessMemory or WriteProcessMemory request was completed. (0x12B)
[1125/115213.469:ERROR:process_memory_win.cc(73)] ReadMemory at 0x17659748fb0 of 144 bytes failed: Only part of a ReadProcessMemory or WriteProcessMemory request was completed. (0x12B)
[1125/115213.473:ERROR:process_memory_win.cc(73)] ReadMemory at 0x17659749510 of 132 bytes failed: Only part of a ReadProcessMemory or WriteProcessMemory request was completed. (0x12B)
[1125/115213.599:ERROR:process_memory_win.cc(73)] ReadMemory at 0x1765974ace0 of 132 bytes failed: Only part of a ReadProcessMemory or WriteProcessMemory request was completed. (0x12B)
[1125/115213.600:ERROR:process_memory_win.cc(73)] ReadMemory at 0x1765974c940 of 132 bytes failed: Only part of a ReadProcessMemory or WriteProcessMemory request was completed. (0x12B)
[1125/115213.600:ERROR:process_memory_win.cc(73)] ReadMemory at 0x1765974ca70 of 132 bytes failed: Only part of a ReadProcessMemory or WriteProcessMemory request was completed. (0x12B)
[1125/115213.600:ERROR:process_memory_win.cc(73)] ReadMemory at 0x1765974cba0 of 132 bytes failed: Only part of a ReadProcessMemory or WriteProcessMemory request was completed. (0x12B)
[1125/115213.600:ERROR:process_memory_win.cc(73)] ReadMemory at 0x1765974ce00 of 132 bytes failed: Only part of a ReadProcessMemory or WriteProcessMemory request was completed. (0x12B)
[1125/115213.600:ERROR:process_memory_win.cc(73)] ReadMemory at 0x1765974cf30 of 132 bytes failed: Only part of a ReadProcessMemory or WriteProcessMemory request was completed. (0x12B)
[1125/115213.600:ERROR:process_memory_win.cc(73)] ReadMemory at 0x1765974d060 of 132 bytes failed: Only part of a ReadProcessMemory or WriteProcessMemory request was completed. (0x12B)
[1125/115213.600:ERROR:process_memory_win.cc(73)] ReadMemory at 0x1765974d190 of 132 bytes failed: Only part of a ReadProcessMemory or WriteProcessMemory request was completed. (0x12B)
[1125/115213.601:ERROR:process_memory_win.cc(73)] ReadMemory at 0x1765974d2c0 of 132 bytes failed: Only part of a ReadProcessMemory or WriteProcessMemory request was completed. (0x12B)
[1125/115213.601:ERROR:process_memory_win.cc(73)] ReadMemory at 0x1765974d3f0 of 132 bytes failed: Only part of a ReadProcessMemory or WriteProcessMemory request was completed. (0x12B)
[1125/115213.601:ERROR:process_memory_win.cc(73)] ReadMemory at 0x1765974d520 of 132 bytes failed: Only part of a ReadProcessMemory or WriteProcessMemory request was completed. (0x12B)
[1125/115213.601:ERROR:process_memory_win.cc(73)] ReadMemory at 0x1765974d650 of 132 bytes failed: Only part of a ReadProcessMemory or WriteProcessMemory request was completed. (0x12B)
[1125/115213.601:ERROR:process_memory_win.cc(73)] ReadMemory at 0x1765974d780 of 132 bytes failed: Only part of a ReadProcessMemory or WriteProcessMemory request was completed. (0x12B)
[1125/115213.601:ERROR:process_memory_win.cc(73)] ReadMemory at 0x1765974e3d0 of 80 bytes failed: Only part of a ReadProcessMemory or WriteProcessMemory request was completed. (0x12B)
[1125/115213.601:ERROR:process_memory_win.cc(73)] ReadMemory at 0x1765974e4f0 of 76 bytes failed: Only part of a ReadProcessMemory or WriteProcessMemory request was completed. (0x12B)
[1125/115213.621:ERROR:process_memory_win.cc(73)] ReadMemory at 0x1765974ec20 of 132 bytes failed: Only part of a ReadProcessMemory or WriteProcessMemory request was completed. (0x12B)
[1125/115213.621:ERROR:process_memory_win.cc(73)] ReadMemory at 0x1765974f0e0 of 132 bytes failed: Only part of a ReadProcessMemory or WriteProcessMemory request was completed. (0x12B)
[1125/115213.621:ERROR:process_memory_win.cc(73)] ReadMemory at 0x1765974f340 of 132 bytes failed: Only part of a ReadProcessMemory or WriteProcessMemory request was completed. (0x12B)
[1125/115213.621:ERROR:process_memory_win.cc(73)] ReadMemory at 0x1765974f800 of 132 bytes failed: Only part of a ReadProcessMemory or WriteProcessMemory request was completed. (0x12B)
[1125/115213.621:ERROR:process_memory_win.cc(73)] ReadMemory at 0x1765974f930 of 132 bytes failed: Only part of a ReadProcessMemory or WriteProcessMemory request was completed. (0x12B)
[1125/115213.621:ERROR:process_memory_win.cc(73)] ReadMemory at 0x1765974fa60 of 132 bytes failed: Only part of a ReadProcessMemory or WriteProcessMemory request was completed. (0x12B)
[1125/115213.622:ERROR:process_memory_win.cc(73)] ReadMemory at 0x1765974fb90 of 132 bytes failed: Only part of a ReadProcessMemory or WriteProcessMemory request was completed. (0x12B)
[1125/115213.622:ERROR:process_memory_win.cc(73)] ReadMemory at 0x1765974ff20 of 132 bytes failed: Only part of a ReadProcessMemory or WriteProcessMemory request was completed. (0x12B)
[1125/115214.528:ERROR:process_memory_win.cc(73)] ReadMemory at 0x176597502b0 of 132 bytes failed: Only part of a ReadProcessMemory or WriteProcessMemory request was completed. (0x12B)
[1125/115214.554:ERROR:process_memory_win.cc(73)] ReadMemory at 0x17659750640 of 132 bytes failed: Only part of a ReadProcessMemory or WriteProcessMemory request was completed. (0x12B)
[1125/115214.754:ERROR:process_memory_win.cc(73)] ReadMemory at 0x17659753da0 of 58 bytes failed: Only part of a ReadProcessMemory or WriteProcessMemory request was completed. (0x12B)
[1125/115214.755:ERROR:process_memory_win.cc(73)] ReadMemory at 0x17659753df0 of 62 bytes failed: Only part of a ReadProcessMemory or WriteProcessMemory request was completed. (0x12B)
[1125/115214.755:ERROR:process_memory_win.cc(73)] ReadMemory at 0x17659753e40 of 62 bytes failed: Only part of a ReadProcessMemory or WriteProcessMemory request was completed. (0x12B)
[1125/115214.756:ERROR:process_memory_win.cc(73)] ReadMemory at 0x17659753fd0 of 64 bytes failed: Only part of a ReadProcessMemory or WriteProcessMemory request was completed. (0x12B)
[1125/115215.665:ERROR:process_memory_win.cc(73)] ReadMemory at 0x17659754020 of 64 bytes failed: Only part of a ReadProcessMemory or WriteProcessMemory request was completed. (0x12B)
[1125/115215.665:ERROR:process_memory_win.cc(73)] ReadMemory at 0x176597540c0 of 60 bytes failed: Only part of a ReadProcessMemory or WriteProcessMemory request was completed. (0x12B)
[1125/115215.666:ERROR:process_memory_win.cc(73)] ReadMemory at 0x17659754200 of 64 bytes failed: Only part of a ReadProcessMemory or WriteProcessMemory request was completed. (0x12B)
[1125/115215.666:ERROR:process_memory_win.cc(73)] ReadMemory at 0x17659754250 of 62 bytes failed: Only part of a ReadProcessMemory or WriteProcessMemory request was completed. (0x12B)
[1125/115215.668:ERROR:process_memory_win.cc(73)] ReadMemory at 0x176597542a0 of 62 bytes failed: Only part of a ReadProcessMemory or WriteProcessMemory request was completed. (0x12B)
[1125/115215.668:ERROR:process_memory_win.cc(73)] ReadMemory at 0x176597547f0 of 62 bytes failed: Only part of a ReadProcessMemory or WriteProcessMemory request was completed. (0x12B)
[1125/115215.668:ERROR:process_memory_win.cc(73)] ReadMemory at 0x17659754930 of 66 bytes failed: Only part of a ReadProcessMemory or WriteProcessMemory request was completed. (0x12B)
[1125/115215.669:ERROR:process_memory_win.cc(73)] ReadMemory at 0x17659754a20 of 60 bytes failed: Only part of a ReadProcessMemory or WriteProcessMemory request was completed. (0x12B)
[1125/115215.669:ERROR:process_memory_win.cc(73)] ReadMemory at 0x17659754b10 of 62 bytes failed: Only part of a ReadProcessMemory or WriteProcessMemory request was completed. (0x12B)
[1125/115215.900:ERROR:process_memory_win.cc(73)] ReadMemory at 0x17659754b60 of 60 bytes failed: Only part of a ReadProcessMemory or WriteProcessMemory request was completed. (0x12B)
[1125/115215.900:ERROR:process_memory_win.cc(73)] ReadMemory at 0x1765976be00 of 512 bytes failed: Only part of a ReadProcessMemory or WriteProcessMemory request was completed. (0x12B)
[1125/115215.900:ERROR:process_memory_win.cc(73)] ReadMemory at 0x1765979fc00 of 512 bytes failed: Only part of a ReadProcessMemory or WriteProcessMemory request was completed. (0x12B)
[1125/115216.041:ERROR:process_memory_win.cc(73)] ReadMemory at 0x176597a0880 of 560 bytes failed: Only part of a ReadProcessMemory or WriteProcessMemory request was completed. (0x12B)
[1125/115216.041:ERROR:process_memory_win.cc(73)] ReadMemory at 0x176597bd8f0 of 512 bytes failed: Only part of a ReadProcessMemory or WriteProcessMemory request was completed. (0x12B)
[1125/115216.041:ERROR:process_memory_win.cc(73)] ReadMemory at 0x176597c53e0 of 512 bytes failed: Only part of a ReadProcessMemory or WriteProcessMemory request was completed. (0x12B)
[1125/115216.042:ERROR:process_memory_win.cc(73)] ReadMemory at 0x176597c7d10 of 512 bytes failed: Only part of a ReadProcessMemory or WriteProcessMemory request was completed. (0x12B)
[1125/115216.043:ERROR:process_memory_win.cc(73)] ReadMemory at 0x176597c9750 of 712 bytes failed: Only part of a ReadProcessMemory or WriteProcessMemory request was completed. (0x12B)
[1125/115216.043:ERROR:process_memory_win.cc(73)] ReadMemory at 0x1765b230000 of 384 bytes failed: Only part of a ReadProcessMemory or WriteProcessMemory request was completed. (0x12B)
[1125/115216.043:ERROR:process_memory_win.cc(73)] ReadMemory at 0x1765b24de42 of 772 bytes failed: Only part of a ReadProcessMemory or WriteProcessMemory request was completed. (0x12B)
[1125/115216.043:ERROR:process_memory_win.cc(73)] ReadMemory at 0x1765b250aa0 of 512 bytes failed: Only part of a ReadProcessMemory or WriteProcessMemory request was completed. (0x12B)
[1125/115216.044:ERROR:process_memory_win.cc(73)] ReadMemory at 0x1765b2f17f0 of 512 bytes failed: Only part of a ReadProcessMemory or WriteProcessMemory request was completed. (0x12B)
[1125/115216.044:ERROR:process_memory_win.cc(73)] ReadMemory at 0x1765b2fee70 of 512 bytes failed: Only part of a ReadProcessMemory or WriteProcessMemory request was completed. (0x12B)
[1125/115216.044:ERROR:process_memory_win.cc(73)] ReadMemory at 0x1765b308e38 of 512 bytes failed: Only part of a ReadProcessMemory or WriteProcessMemory request was completed. (0x12B)
[1125/115216.044:ERROR:process_memory_win.cc(73)] ReadMemory at 0x1765b3093d8 of 512 bytes failed: Only part of a ReadProcessMemory or WriteProcessMemory request was completed. (0x12B)
[1125/115216.044:ERROR:process_memory_win.cc(73)] ReadMemory at 0x1765b309fa8 of 512 bytes failed: Only part of a ReadProcessMemory or WriteProcessMemory request was completed. (0x12B)
[1125/115216.044:ERROR:process_memory_win.cc(73)] ReadMemory at 0x1765b326c80 of 512 bytes failed: Only part of a ReadProcessMemory or WriteProcessMemory request was completed. (0x12B)
[1125/115216.044:ERROR:process_memory_win.cc(73)] ReadMemory at 0x1765b3b0000 of 384 bytes failed: Only part of a ReadProcessMemory or WriteProcessMemory request was completed. (0x12B)
[1125/115216.044:ERROR:process_memory_win.cc(73)] ReadMemory at 0x1765b3f0940 of 512 bytes failed: Only part of a ReadProcessMemory or WriteProcessMemory request was completed. (0x12B)
[1125/115216.045:ERROR:process_memory_win.cc(73)] ReadMemory at 0x1765b486560 of 512 bytes failed: Only part of a ReadProcessMemory or WriteProcessMemory request was completed. (0x12B)
[1125/115216.045:ERROR:process_memory_win.cc(73)] ReadMemory at 0x1765b4a93c0 of 512 bytes failed: Only part of a ReadProcessMemory or WriteProcessMemory request was completed. (0x12B)
[1125/115216.045:ERROR:process_memory_win.cc(73)] ReadMemory at 0x2fdba73d3e20 of 952 bytes failed: Only part of a ReadProcessMemory or WriteProcessMemory request was completed. (0x12B)
[1125/115216.150:ERROR:process_memory_win.cc(73)] ReadMemory at 0x7fff44f20180 of 512 bytes failed: Only part of a ReadProcessMemory or WriteProcessMemory request was completed. (0x12B)
[1125/115216.169:ERROR:process_memory_win.cc(73)] ReadMemory at 0x7fff4a3c24b0 of 512 bytes failed: Only part of a ReadProcessMemory or WriteProcessMemory request was completed. (0x12B)
[1125/115216.171:ERROR:process_memory_win.cc(73)] ReadMemory at 0x7fff6921a1e0 of 512 bytes failed: Only part of a ReadProcessMemory or WriteProcessMemory request was completed. (0x12B)
[1125/115216.171:ERROR:process_memory_win.cc(73)] ReadMemory at 0x7fff6921a8d7 of 512 bytes failed: Only part of a ReadProcessMemory or WriteProcessMemory request was completed. (0x12B)
[1125/115216.171:ERROR:process_memory_win.cc(73)] ReadMemory at 0x7fff8d9f1f80 of 512 bytes failed: Only part of a ReadProcessMemory or WriteProcessMemory request was completed. (0x12B)
[1125/115216.171:ERROR:process_memory_win.cc(73)] ReadMemory at 0x7fff8f37c0c4 of 672 bytes failed: Only part of a ReadProcessMemory or WriteProcessMemory request was completed. (0x12B)
[1125/115216.171:ERROR:process_memory_win.cc(73)] ReadMemory at 0x7fff8f37f974 of 608 bytes failed: Only part of a ReadProcessMemory or WriteProcessMemory request was completed. (0x12B)
[1125/115216.172:ERROR:process_memory_win.cc(73)] ReadMemory at 0x7fff8f40c428 of 18 bytes failed: Only part of a ReadProcessMemory or WriteProcessMemory request was completed. (0x12B)
[1125/115216.172:ERROR:process_memory_win.cc(73)] ReadMemory at 0x7fff8f43f4f8 of 40 bytes failed: Only part of a ReadProcessMemory or WriteProcessMemory request was completed. (0x12B)
[1125/115216.172:ERROR:process_memory_win.cc(73)] ReadMemory at 0x7fff8f43f978 of 48 bytes failed: Only part of a ReadProcessMemory or WriteProcessMemory request was completed. (0x12B)
[1125/115216.173:ERROR:process_memory_win.cc(73)] ReadMemory at 0x7fff8f4453c0 of 64 bytes failed: Only part of a ReadProcessMemory or WriteProcessMemory request was completed. (0x12B)
[1125/115220.297:ERROR:scoped_process_suspend.cc(40)] NtResumeProcess: An attempt was made to access an exiting process. (0xc000010a)
